[main] INFO  demo.demo1  - chrome opened
  [main] INFO  demo.demo1  - AM opened
  [main] INFO  demo.demo1  - chrome opened
  [main] INFO  demo.demo1  - AM opened
  [main] INFO  demo.demo1  - window maximized
  [main] INFO  demo.demo1  - login details
  [main] INFO  demo.demo1  - logout
  [main] INFO  demo.demo1  - chrome opened
  [main] INFO  demo.demo1  - AM opened
  [main] INFO  demo.demo1  - window maximized
  [main] INFO  demo.demo1  - login details
  [main] INFO  demo.demo1  - logout
  [main] INFO  demo.demo1  - chrome opened
  [main] INFO  demo.demo1  - AM opened
  [main] INFO  demo.demo1  - window maximized
  [main] INFO  demo.demo1  - login details
  [main] INFO  demo.demo1  - chrome opened
  [main] INFO  demo.demo1  - AM opened
  [main] INFO  demo.demo1  - logout
  [main] INFO  demo.demo1  - window maximized
  [main] INFO  demo.demo1  - login details
  [main] INFO  demo.demo1  - logout
  [main] INFO  demo.demo1  - chrome opened
  [main] INFO  demo.demo1  - AM opened
  [main] INFO  demo.demo1  - window maximized
  [main] INFO  demo.demo1  - login details
  [main] INFO  demo.demo1  - logout
  